1 0.000
2 0.186
3 0.232
4 0.254
5 0.300
6 0.286
7 0.304
8 0.304
9 0.325
10 0.329
11 0.375
12 0.371
13 0.404
14 0.389
15 0.393
16 0.379
17 0.396
18 0.389
19 0.414
20 0.379
21 0.418
22 0.418
23 0.425
24 0.407
25 0.421
26 0.407
27 0.404
28 0.407
29 0.421
30 0.421
31 0.436
32 0.439
33 0.446
34 0.446
35 0.468
36 0.461
37 0.464
38 0.454
39 0.482
40 0.475
41 0.464
42 0.471
43 0.464
44 0.461
45 0.464
46 0.461
47 0.457
48 0.450
49 0.450
50 0.461
51 0.461
52 0.450
53 0.454
54 0.443
55 0.454
56 0.446
57 0.471
58 0.454
59 0.468
60 0.464
61 0.475
62 0.461
63 0.482
64 0.471
65 0.475
66 0.479
67 0.486
68 0.479
69 0.486
70 0.475
71 0.486
72 0.489
73 0.486
74 0.486
75 0.486
76 0.482
77 0.486
78 0.479
79 0.489
80 0.486
81 0.489
82 0.486
83 0.493
84 0.493
85 0.493
86 0.496
87 0.493
88 0.493
89 0.496
90 0.493
91 0.496
92 0.496
93 0.496
94 0.500
95 0.496
96 0.496
97 0.493
98 0.489
99 0.493
100 0.489
